  draw2.cpp
C:\Users\chabr\Documents\GitHub\project-4\Paweł_Ballo_175547\draw\draw2.cpp(126,24): warning C4244:  "=": konwersja z "double" do "float", możliwa utrata danych
C:\Users\chabr\Documents\GitHub\project-4\Paweł_Ballo_175547\draw\draw2.cpp(127,24): warning C4244:  "=": konwersja z "double" do "float", możliwa utrata danych
C:\Users\chabr\Documents\GitHub\project-4\Paweł_Ballo_175547\draw\draw2.cpp(141,12): warning C4244:  "argument": konwersja z "time_t" do "unsigned int", możliwa utrata danych
C:\Users\chabr\Documents\GitHub\project-4\Paweł_Ballo_175547\draw\draw2.cpp(356,57): warning C4244:  "=": konwersja z "double" do "float", możliwa utrata danych
C:\Users\chabr\Documents\GitHub\project-4\Paweł_Ballo_175547\draw\draw2.cpp(357,53): warning C4244:  "=": konwersja z "double" do "float", możliwa utrata danych
C:\Users\chabr\Documents\GitHub\project-4\Paweł_Ballo_175547\draw\draw2.cpp(361,57): warning C4244:  "=": konwersja z "double" do "float", możliwa utrata danych
C:\Users\chabr\Documents\GitHub\project-4\Paweł_Ballo_175547\draw\draw2.cpp(362,53): warning C4244:  "=": konwersja z "double" do "float", możliwa utrata danych
C:\Users\chabr\Documents\GitHub\project-4\Paweł_Ballo_175547\draw\draw2.cpp(430,12): warning C4244:  "=": konwersja z "int" do "float", możliwa utrata danych
C:\Users\chabr\Documents\GitHub\project-4\Paweł_Ballo_175547\draw\draw2.cpp(431,36): warning C4244:  "=": konwersja z "int" do "float", możliwa utrata danych
C:\Users\chabr\Documents\GitHub\project-4\Paweł_Ballo_175547\draw\draw2.cpp(438,12): warning C4244:  "=": konwersja z "int" do "float", możliwa utrata danych
C:\Users\chabr\Documents\GitHub\project-4\Paweł_Ballo_175547\draw\draw2.cpp(439,36): warning C4244:  "=": konwersja z "int" do "float", możliwa utrata danych
C:\Users\chabr\Documents\GitHub\project-4\Paweł_Ballo_175547\draw\draw2.cpp(446,12): warning C4244:  "=": konwersja z "int" do "float", możliwa utrata danych
C:\Users\chabr\Documents\GitHub\project-4\Paweł_Ballo_175547\draw\draw2.cpp(447,36): warning C4244:  "=": konwersja z "int" do "float", możliwa utrata danych
C:\Users\chabr\Documents\GitHub\project-4\Paweł_Ballo_175547\draw\draw2.cpp(454,12): warning C4244:  "=": konwersja z "int" do "float", możliwa utrata danych
C:\Users\chabr\Documents\GitHub\project-4\Paweł_Ballo_175547\draw\draw2.cpp(455,36): warning C4244:  "=": konwersja z "int" do "float", możliwa utrata danych
C:\Users\chabr\Documents\GitHub\project-4\Paweł_Ballo_175547\draw\draw2.cpp(522,11): warning C4244:  "inicjowanie": konwersja z "double" do "float", możliwa utrata danych
C:\Users\chabr\Documents\GitHub\project-4\Paweł_Ballo_175547\draw\draw2.cpp(545,20): warning C4244:  "=": konwersja z "double" do "float", możliwa utrata danych
C:\Users\chabr\Documents\GitHub\project-4\Paweł_Ballo_175547\draw\draw2.cpp(550,23): warning C4244:  "=": konwersja z "double" do "float", możliwa utrata danych
C:\Users\chabr\Documents\GitHub\project-4\Paweł_Ballo_175547\draw\draw2.cpp(552,15): warning C4244:  "=": konwersja z "double" do "float", możliwa utrata danych
C:\Users\chabr\Documents\GitHub\project-4\Paweł_Ballo_175547\draw\draw2.cpp(568,20): warning C4244:  "=": konwersja z "double" do "float", możliwa utrata danych
C:\Users\chabr\Documents\GitHub\project-4\Paweł_Ballo_175547\draw\draw2.cpp(573,23): warning C4244:  "=": konwersja z "double" do "float", możliwa utrata danych
C:\Users\chabr\Documents\GitHub\project-4\Paweł_Ballo_175547\draw\draw2.cpp(575,15): warning C4244:  "=": konwersja z "double" do "float", możliwa utrata danych
C:\Users\chabr\Documents\GitHub\project-4\Paweł_Ballo_175547\draw\draw2.cpp(592,20): warning C4244:  "=": konwersja z "double" do "float", możliwa utrata danych
C:\Users\chabr\Documents\GitHub\project-4\Paweł_Ballo_175547\draw\draw2.cpp(593,36): warning C4244:  "=": konwersja z "double" do "float", możliwa utrata danych
C:\Users\chabr\Documents\GitHub\project-4\Paweł_Ballo_175547\draw\draw2.cpp(600,28): warning C4244:  "=": konwersja z "double" do "float", możliwa utrata danych
C:\Users\chabr\Documents\GitHub\project-4\Paweł_Ballo_175547\draw\draw2.cpp(603,15): warning C4244:  "=": konwersja z "double" do "float", możliwa utrata danych
C:\Users\chabr\Documents\GitHub\project-4\Paweł_Ballo_175547\draw\draw2.cpp(604,15): warning C4244:  "=": konwersja z "double" do "float", możliwa utrata danych
C:\Users\chabr\Documents\GitHub\project-4\Paweł_Ballo_175547\draw\draw2.cpp(612,23): warning C4244:  "=": konwersja z "double" do "float", możliwa utrata danych
C:\Users\chabr\Documents\GitHub\project-4\Paweł_Ballo_175547\draw\draw2.cpp(615,15): warning C4244:  "=": konwersja z "double" do "float", możliwa utrata danych
C:\Users\chabr\Documents\GitHub\project-4\Paweł_Ballo_175547\draw\draw2.cpp(616,15): warning C4244:  "=": konwersja z "double" do "float", możliwa utrata danych
C:\Users\chabr\Documents\GitHub\project-4\Paweł_Ballo_175547\draw\draw2.cpp(635,20): warning C4244:  "=": konwersja z "double" do "float", możliwa utrata danych
C:\Users\chabr\Documents\GitHub\project-4\Paweł_Ballo_175547\draw\draw2.cpp(636,28): warning C4244:  "=": konwersja z "double" do "float", możliwa utrata danych
C:\Users\chabr\Documents\GitHub\project-4\Paweł_Ballo_175547\draw\draw2.cpp(643,26): warning C4244:  "=": konwersja z "double" do "float", możliwa utrata danych
C:\Users\chabr\Documents\GitHub\project-4\Paweł_Ballo_175547\draw\draw2.cpp(644,22): warning C4305:  "=": obcięcie z "double" do "float"
C:\Users\chabr\Documents\GitHub\project-4\Paweł_Ballo_175547\draw\draw2.cpp(646,15): warning C4244:  "=": konwersja z "double" do "float", możliwa utrata danych
C:\Users\chabr\Documents\GitHub\project-4\Paweł_Ballo_175547\draw\draw2.cpp(647,15): warning C4244:  "=": konwersja z "double" do "float", możliwa utrata danych
C:\Users\chabr\Documents\GitHub\project-4\Paweł_Ballo_175547\draw\draw2.cpp(655,23): warning C4244:  "=": konwersja z "double" do "float", możliwa utrata danych
C:\Users\chabr\Documents\GitHub\project-4\Paweł_Ballo_175547\draw\draw2.cpp(656,39): warning C4244:  "=": konwersja z "double" do "float", możliwa utrata danych
C:\Users\chabr\Documents\GitHub\project-4\Paweł_Ballo_175547\draw\draw2.cpp(658,15): warning C4244:  "=": konwersja z "double" do "float", możliwa utrata danych
C:\Users\chabr\Documents\GitHub\project-4\Paweł_Ballo_175547\draw\draw2.cpp(659,15): warning C4244:  "=": konwersja z "double" do "float", możliwa utrata danych
C:\Users\chabr\Documents\GitHub\project-4\Paweł_Ballo_175547\draw\draw2.cpp(659,15): warning C4244: C:\Users\chabr\Documents\GitHub\project-4\Paweł_Ballo_175547\draw\draw2.cpp(515) : warning C4715: "drop”: niewszystkie ścieżki kodu zwracają wartość
  draw.vcxproj -> C:\Users\chabr\Documents\GitHub\project-4\Paweł_Ballo_175547\Debug\draw2.exe
